c:\users\stein\source\repos\sflmwstuff1\sflmwstuff1\x64\debug\vc143.pdb
c:\users\stein\source\repos\sflmwstuff1\sflmwstuff1\x64\debug\vc143.idb
c:\users\stein\source\repos\sflmwstuff1\sflmwstuff1\x64\debug\scenedata.obj
c:\users\stein\source\repos\sflmwstuff1\sflmwstuff1\x64\debug\scene.obj
c:\users\stein\source\repos\sflmwstuff1\sflmwstuff1\x64\debug\player.obj
c:\users\stein\source\repos\sflmwstuff1\sflmwstuff1\x64\debug\menu.obj
c:\users\stein\source\repos\sflmwstuff1\sflmwstuff1\x64\debug\main.obj
c:\users\stein\source\repos\sflmwstuff1\sflmwstuff1\x64\debug\jsonloader.obj
c:\users\stein\source\repos\sflmwstuff1\sflmwstuff1\x64\debug\itemfactory.obj
c:\users\stein\source\repos\sflmwstuff1\sflmwstuff1\x64\debug\itemdata.obj
c:\users\stein\source\repos\sflmwstuff1\sflmwstuff1\x64\debug\item.obj
c:\users\stein\source\repos\sflmwstuff1\sflmwstuff1\x64\debug\inventory.obj
c:\users\stein\source\repos\sflmwstuff1\sflmwstuff1\x64\debug\equipment.obj
c:\users\stein\source\repos\sflmwstuff1\sflmwstuff1\x64\debug\engine.obj
c:\users\stein\source\repos\sflmwstuff1\sflmwstuff1\x64\debug\convert.obj
c:\users\stein\source\repos\sflmwstuff1\sflmwstuff1\x64\debug\boat.obj
c:\users\stein\source\repos\sflmwstuff1\sflmwstuff1\x64\debug\animationlibrary.obj
c:\users\stein\source\repos\sflmwstuff1\sflmwstuff1\x64\debug\animationdata.obj
c:\users\stein\source\repos\sflmwstuff1\sflmwstuff1\x64\debug\animationcontroller.obj
c:\users\stein\source\repos\sflmwstuff1\sflmwstuff1\x64\debug\actorfactory.obj
c:\users\stein\source\repos\sflmwstuff1\sflmwstuff1\x64\debug\actordata.obj
c:\users\stein\source\repos\sflmwstuff1\sflmwstuff1\x64\debug\actor.obj
c:\users\stein\source\repos\sflmwstuff1\sflmwstuff1\x64\debug\townmap.obj
c:\users\stein\source\repos\sflmwstuff1\sflmwstuff1\x64\debug\tileset.obj
c:\users\stein\source\repos\sflmwstuff1\sflmwstuff1\x64\debug\texturemanager.obj
c:\users\stein\source\repos\sflmwstuff1\sflmwstuff1\x64\debug\stats.obj
c:\users\stein\source\repos\sflmwstuff1\sflmwstuff1\x64\debug\sflmwstuff1.exe
c:\users\stein\source\repos\sflmwstuff1\sflmwstuff1\x64\debug\sflmwstuff1.pdb
c:\users\stein\source\repos\sflmwstuff1\sflmwstuff1\x64\debug\sflmwstuff1.ilk
c:\users\stein\source\repos\sflmwstuff1\sflmwstuff1\x64\debug\sflmwstuff1.tlog\cl.command.1.tlog
c:\users\stein\source\repos\sflmwstuff1\sflmwstuff1\x64\debug\sflmwstuff1.tlog\cl.items.tlog
c:\users\stein\source\repos\sflmwstuff1\sflmwstuff1\x64\debug\sflmwstuff1.tlog\cl.read.1.tlog
c:\users\stein\source\repos\sflmwstuff1\sflmwstuff1\x64\debug\sflmwstuff1.tlog\cl.write.1.tlog
c:\users\stein\source\repos\sflmwstuff1\sflmwstuff1\x64\debug\sflmwstuff1.tlog\link.command.1.tlog
c:\users\stein\source\repos\sflmwstuff1\sflmwstuff1\x64\debug\sflmwstuff1.tlog\link.read.1.tlog
c:\users\stein\source\repos\sflmwstuff1\sflmwstuff1\x64\debug\sflmwstuff1.tlog\link.secondary.1.tlog
c:\users\stein\source\repos\sflmwstuff1\sflmwstuff1\x64\debug\sflmwstuff1.tlog\link.write.1.tlog
